2025/10/2 15:17:30:567 [DisplayControl] Enter ObtainControlHandler1
2025/10/2 15:17:30:567 [DisplayControl] GetVideoPortCommander
2025/10/2 15:17:30:567 [DisplayControl] GetUSBHubCommander
2025/10/2 15:17:30:567 ====== List p_lpo_display_info_video_port, # of devices is ======2
2025/10/2 15:17:30:567 [DisplayControl] index of p_lpo_display_info_video_port0
2025/10/2 15:17:30:567 [DisplayControl] Model name from VideoPort = VG245
2025/10/2 15:17:30:567 [DisplayControl] SN from VideoPort = XF5241421067
2025/10/2 15:17:30:567 [DisplayControl] index of p_lpo_display_info_video_port1
2025/10/2 15:17:30:567 [DisplayControl] Model name from VideoPort = 
2025/10/2 15:17:30:567 [DisplayControl] SN from VideoPort = 
2025/10/2 15:17:30:567 ====== List p_lpo_display_info_rtd_scalar_rts_hub, # of devices is ======0
2025/10/2 15:17:30:567 [DisplayControl] GetVSRtkHubControlClientListener
2025/10/2 15:17:30:568 [DisplayControl] max monitor count = 2
2025/10/2 15:17:30:568 [DisplayControl] index of display_info_vec = 0
2025/10/2 15:17:30:568 [DisplayControl] index of p_lpo_display_info_video_port = 0
2025/10/2 15:17:30:568 [DisplayControl] VideoPortMatchingRule
2025/10/2 15:17:30:568 [DisplayControl] monitor display_info_model_name = 
2025/10/2 15:17:30:568 [DisplayControl] monitor video_port_model_name = VG245
2025/10/2 15:17:30:568 [DisplayControl] monitor display_info_sn = 
2025/10/2 15:17:30:568 [DisplayControl] monitor video_port_sn = XF5241421067
2025/10/2 15:17:30:568 [DisplayControl] model_name_match = 0
2025/10/2 15:17:30:568 [DisplayControl] sn_match = 0
2025/10/2 15:17:30:568 [DisplayControl] video_port is_match = 0
2025/10/2 15:17:30:568 [DisplayControl] index of display_info_vec = 0
2025/10/2 15:17:30:568 [DisplayControl] index of p_lpo_display_info_video_port = 1
2025/10/2 15:17:30:568 [DisplayControl] VideoPortMatchingRule
2025/10/2 15:17:30:568 [DisplayControl] monitor display_info_model_name = 
2025/10/2 15:17:30:568 [DisplayControl] monitor video_port_model_name = 
2025/10/2 15:17:30:568 [DisplayControl] monitor display_info_sn = 
2025/10/2 15:17:30:568 [DisplayControl] monitor video_port_sn = 
2025/10/2 15:17:30:568 [DisplayControl] model_name_match = 1
2025/10/2 15:17:30:568 [DisplayControl] sn_match = 1
2025/10/2 15:17:30:568 [DisplayControl] video_port is_match = 1
2025/10/2 15:17:30:568 [DisplayControl] index of display_info_vec = 1
2025/10/2 15:17:30:568 [DisplayControl] index of p_lpo_display_info_video_port = 0
2025/10/2 15:17:30:568 [DisplayControl] VideoPortMatchingRule
2025/10/2 15:17:30:568 [DisplayControl] monitor display_info_model_name = VG245
2025/10/2 15:17:30:568 [DisplayControl] monitor video_port_model_name = VG245
2025/10/2 15:17:30:568 [DisplayControl] monitor display_info_sn = XF5241421067
2025/10/2 15:17:30:568 [DisplayControl] monitor video_port_sn = XF5241421067
2025/10/2 15:17:30:568 [DisplayControl] model_name_match = 1
2025/10/2 15:17:30:568 [DisplayControl] sn_match = 1
2025/10/2 15:17:30:568 [DisplayControl] video_port is_match = 1
2025/10/2 15:17:30:568 [DisplayControl] i = 0
2025/10/2 15:17:30:575 [DisplayControl] Enter OperationThread::OperationThread()
2025/10/2 15:17:30:575 [DisplayControl] Enter OperationThread::CreateThread
2025/10/2 15:17:30:575 [DisplayControl] new DisplayFunctioner
2025/10/2 15:17:30:575 [DisplayControl] insert displayer_vector
2025/10/2 15:17:30:575 [DisplayControl] insert modelName_SN_to_Display_map
2025/10/2 15:17:30:575 [DisplayControl] i = 1
2025/10/2 15:17:30:575 [DisplayControl] Enter OperationThread::OperationThread()
2025/10/2 15:17:30:575 [DisplayControl] Enter OperationThread::CreateThread
2025/10/2 15:17:30:575 [DisplayControl] new DisplayFunctioner
2025/10/2 15:17:30:575 [DisplayControl] insert displayer_vector
2025/10/2 15:17:30:575 [DisplayControl] insert modelName_SN_to_Display_map
2025/10/2 15:17:30:575 [DisplayControl] monitor size = 2
2025/10/2 15:17:30:575 [DisplayControl] Exit ObtainControlHandler
2025/10/2 15:17:30:575 [DisplayControl] Enter MCCSOtherSet::GetVCP(), vcp code = 16
2025/10/2 15:17:30:788 [DisplayControl] Exit MCCSOtherSet::GetVCP()
2025/10/2 15:17:31:2 [DisplayControl] Enter MCCSOtherSet::SetVCP(), vcp code = 51
2025/10/2 15:17:32:457 [DisplayControl] Exit MCCSOtherSet::SetVCP()
2025/10/2 15:17:32:458 [DisplayControl] Enter MCCSOtherSet::GetVCP(), vcp code = 18
2025/10/2 15:17:32:673 [DisplayControl] Exit MCCSOtherSet::GetVCP()
2025/10/2 15:17:32:774 [DisplayControl] Enter MCCSOtherSet::GetVCP(), vcp code = 236
2025/10/2 15:17:32:991 [DisplayControl] Exit MCCSOtherSet::GetVCP()
2025/10/2 15:17:33:93 [DisplayControl] Enter MCCSOtherSet::GetVCP(), vcp code = 97
2025/10/2 15:17:33:307 [DisplayControl] Exit MCCSOtherSet::GetVCP()
2025/10/2 15:17:33:408 [DisplayControl] Enter MCCSOtherSet::GetVCP(), vcp code = 43
2025/10/2 15:17:33:627 [DisplayControl] Exit MCCSOtherSet::GetVCP()
2025/10/2 15:17:33:728 [DisplayControl] Enter MCCSOtherSet::GetVCP(), vcp code = 96
2025/10/2 15:17:33:942 [DisplayControl] Exit MCCSOtherSet::GetVCP()
2025/10/2 15:17:34:44 [DisplayControl] Enter MCCSOtherSet::GetVCP(), vcp code = 226
2025/10/2 15:17:34:261 [DisplayControl] Exit MCCSOtherSet::GetVCP()
2025/10/2 15:17:34:363 [DisplayControl] Enter MCCSOtherSet::GetVCP(), vcp code = 141
2025/10/2 15:17:34:578 [DisplayControl] Exit MCCSOtherSet::GetVCP()
2025/10/2 15:17:34:680 [DisplayControl] Enter MCCSOtherSet::GetVCP(), vcp code = 4
2025/10/2 15:17:34:899 [DisplayControl] Exit MCCSOtherSet::GetVCP()
2025/10/2 15:17:35:1 [DisplayControl] Enter MCCSOtherSet::GetVCP(), vcp code = 51
2025/10/2 15:17:35:219 [DisplayControl] Exit MCCSOtherSet::GetVCP()
2025/10/2 15:17:35:320 [DisplayControl] Enter MCCSOtherSet::GetVCP(), vcp code = 135
2025/10/2 15:17:35:535 [DisplayControl] Exit MCCSOtherSet::GetVCP()
2025/10/2 15:17:35:637 [DisplayControl] Enter MCCSOtherSet::GetVCP(), vcp code = 16
2025/10/2 15:17:35:847 [DisplayControl] Exit MCCSOtherSet::GetVCP()
2025/10/2 15:17:35:949 [DisplayControl] Enter MCCSOtherSet::GetVCP(), vcp code = 225
2025/10/2 15:17:36:167 [DisplayControl] Exit MCCSOtherSet::GetVCP()
2025/10/2 15:17:36:269 [DisplayControl] Enter MCCSOtherSet::GetVCP(), vcp code = 98
2025/10/2 15:17:36:486 [DisplayControl] Exit MCCSOtherSet::GetVCP()
2025/10/2 15:17:36:588 [DisplayControl] Enter MCCSOtherSet::GetVCP(), vcp code = 220
2025/10/2 15:17:36:798 [DisplayControl] Exit MCCSOtherSet::GetVCP()
2025/10/2 15:17:36:904 [DisplayControl] Enter MCCSOtherSet::GetVCP(), vcp code = 96
2025/10/2 15:17:37:120 [DisplayControl] Exit MCCSOtherSet::GetVCP()
2025/10/2 15:17:37:991 [DisplayControl] Enter MCCSOtherSet::SetVCP(), vcp code = 51
2025/10/2 15:17:38:308 [DisplayControl] Exit MCCSOtherSet::SetVCP()
2025/10/2 15:18:1:818 [DisplayControl] Enter MCCSOtherSet::SetVCP(), vcp code = 16
2025/10/2 15:18:2:135 [DisplayControl] Exit MCCSOtherSet::SetVCP()
2025/10/2 15:18:52:884 [DisplayControl] Enter MCCSOtherSet::SetVCP(), vcp code = 16
2025/10/2 15:18:53:205 [DisplayControl] Exit MCCSOtherSet::SetVCP()
2025/10/2 15:19:36:319 [DisplayControl] Enter OperationThread::ExitThread
2025/10/2 15:19:36:320 [DisplayControl] Exit OperationThread::ExitThread
2025/10/2 15:19:36:320 [DisplayControl] Enter OperationThread::~OperationThread()
2025/10/2 15:19:36:320 [DisplayControl] Enter OperationThread::ExitThread
2025/10/2 15:19:36:320 [DisplayControl] Enter OperationThread::ExitThread
2025/10/2 15:19:36:320 [DisplayControl] Exit OperationThread::ExitThread
2025/10/2 15:19:36:320 [DisplayControl] Enter OperationThread::~OperationThread()
2025/10/2 15:19:36:320 [DisplayControl] Enter OperationThread::ExitThread
